[0209/190737.636:ERROR:process_reader_win.cc(151)] SuspendThread: Access is denied. (0x5)
[0209/190737.636:ERROR:process_reader_win.cc(151)] SuspendThread: Access is denied. (0x5)
[0209/190737.636:ERROR:process_reader_win.cc(151)] SuspendThread: Access is denied. (0x5)
[0209/190737.636:ERROR:process_reader_win.cc(151)] SuspendThread: Access is denied. (0x5)
[0209/190737.636:ERROR:process_reader_win.cc(151)] SuspendThread: Access is denied. (0x5)
[0209/190737.636:ERROR:process_reader_win.cc(151)] SuspendThread: Access is denied. (0x5)
[0209/190737.636:ERROR:process_reader_win.cc(151)] SuspendThread: Access is denied. (0x5)
[0209/190737.636:ERROR:process_reader_win.cc(151)] SuspendThread: Access is denied. (0x5)
[0209/190737.636:ERROR:process_reader_win.cc(151)] SuspendThread: Access is denied. (0x5)
[0209/190737.636:ERROR:process_reader_win.cc(151)] SuspendThread: Access is denied. (0x5)
[0209/190737.636:ERROR:process_reader_win.cc(151)] SuspendThread: Access is denied. (0x5)
[0209/190737.636:ERROR:process_reader_win.cc(151)] SuspendThread: Access is denied. (0x5)
[0209/190737.636:ERROR:process_reader_win.cc(151)] SuspendThread: Access is denied. (0x5)
[0209/190737.636:ERROR:process_reader_win.cc(151)] SuspendThread: Access is denied. (0x5)
[0209/190737.636:ERROR:exception_snapshot_win.cc(98)] thread ID 9100 not found in process
[0210/031503.487:ERROR:process_memory_win.cc(73)] ReadMemory at 0x7ffc856b8380 of 36 bytes failed: Only part of a ReadProcessMemory or WriteProcessMemory request was completed. (0x12B)
[0210/031503.628:WARNING:pe_image_reader.cc(191)] could not read debug directory from C:\WINDOWS\SYSTEM32\WINHTTP.dll
[0210/031503.628:ERROR:process_memory_win.cc(73)] ReadMemory at 0x7ffc855f0000 of 64 bytes failed: Only part of a ReadProcessMemory or WriteProcessMemory request was completed. (0x12B)
[0210/031503.628:WARNING:pe_image_reader.cc(340)] could not read dos header from C:\WINDOWS\SYSTEM32\WINHTTP.dll
[0210/031503.628:ERROR:process_memory_win.cc(73)] ReadMemory at 0x7ffc84540000 of 64 bytes failed: Only part of a ReadProcessMemory or WriteProcessMemory request was completed. (0x12B)
[0210/031503.628:WARNING:pe_image_reader.cc(340)] could not read dos header from C:\WINDOWS\SYSTEM32\dhcpcsvc.DLL
[0210/031503.628:ERROR:process_memory_win.cc(73)] ReadMemory at 0x7ffc84540000 of 64 bytes failed: Only part of a ReadProcessMemory or WriteProcessMemory request was completed. (0x12B)
[0210/031503.628:WARNING:pe_image_reader.cc(340)] could not read dos header from C:\WINDOWS\SYSTEM32\dhcpcsvc.DLL
[0210/031503.628:ERROR:process_memory_win.cc(73)] ReadMemory at 0x7ffc8c9b0000 of 64 bytes failed: Only part of a ReadProcessMemory or WriteProcessMemory request was completed. (0x12B)
[0210/031503.628:WARNING:pe_image_reader.cc(340)] could not read dos header from C:\WINDOWS\System32\NSI.dll
[0210/031503.628:ERROR:process_memory_win.cc(73)] ReadMemory at 0x7ffc8c9b0000 of 64 bytes failed: Only part of a ReadProcessMemory or WriteProcessMemory request was completed. (0x12B)
[0210/031503.628:WARNING:pe_image_reader.cc(340)] could not read dos header from C:\WINDOWS\System32\NSI.dll
[0210/031503.628:ERROR:process_memory_win.cc(73)] ReadMemory at 0x7ffc854a0000 of 64 bytes failed: Only part of a ReadProcessMemory or WriteProcessMemory request was completed. (0x12B)
[0210/031503.629:WARNING:pe_image_reader.cc(340)] could not read dos header from C:\WINDOWS\SYSTEM32\WINMMBASE.dll
[0210/031503.629:ERROR:process_memory_win.cc(73)] ReadMemory at 0x7ffc854a0000 of 64 bytes failed: Only part of a ReadProcessMemory or WriteProcessMemory request was completed. (0x12B)
[0210/031503.629:WARNING:pe_image_reader.cc(340)] could not read dos header from C:\WINDOWS\SYSTEM32\WINMMBASE.dll
[0210/031503.629:ERROR:process_memory_win.cc(73)] ReadMemory at 0x7ffc89f00000 of 64 bytes failed: Only part of a ReadProcessMemory or WriteProcessMemory request was completed. (0x12B)
[0210/031503.629:WARNING:pe_image_reader.cc(340)] could not read dos header from C:\WINDOWS\System32\cfgmgr32.dll
[0210/031503.629:ERROR:process_memory_win.cc(73)] ReadMemory at 0x7ffc89f00000 of 64 bytes failed: Only part of a ReadProcessMemory or WriteProcessMemory request was completed. (0x12B)
[0210/031503.629:WARNING:pe_image_reader.cc(340)] could not read dos header from C:\WINDOWS\System32\cfgmgr32.dll
[0210/031503.629:ERROR:process_memory_win.cc(73)] ReadMemory at 0x7ffc87620000 of 64 bytes failed: Only part of a ReadProcessMemory or WriteProcessMemory request was completed. (0x12B)
[0210/031503.629:WARNING:pe_image_reader.cc(340)] could not read dos header from C:\WINDOWS\SYSTEM32\PROPSYS.dll
[0210/031503.629:ERROR:process_memory_win.cc(73)] ReadMemory at 0x7ffc87620000 of 64 bytes failed: Only part of a ReadProcessMemory or WriteProcessMemory request was completed. (0x12B)
[0210/031503.629:WARNING:pe_image_reader.cc(340)] could not read dos header from C:\WINDOWS\SYSTEM32\PROPSYS.dll
[0210/031503.629:ERROR:process_memory_win.cc(73)] ReadMemory at 0x7ffc8cce0000 of 64 bytes failed: Only part of a ReadProcessMemory or WriteProcessMemory request was completed. (0x12B)
[0210/031503.629:WARNING:pe_image_reader.cc(340)] could not read dos header from C:\WINDOWS\System32\shcore.dll
[0210/031503.629:ERROR:process_memory_win.cc(73)] ReadMemory at 0x7ffc8cce0000 of 64 bytes failed: Only part of a ReadProcessMemory or WriteProcessMemory request was completed. (0x12B)
[0210/031503.629:WARNING:pe_image_reader.cc(340)] could not read dos header from C:\WINDOWS\System32\shcore.dll
[0210/031503.629:ERROR:process_memory_win.cc(73)] ReadMemory at 0x7ffc89d10000 of 64 bytes failed: Only part of a ReadProcessMemory or WriteProcessMemory request was completed. (0x12B)
[0210/031503.629:WARNING:pe_image_reader.cc(340)] could not read dos header from C:\WINDOWS\SYSTEM32\SSPICLI.DLL
[0210/031503.629:ERROR:process_memory_win.cc(73)] ReadMemory at 0x7ffc89d10000 of 64 bytes failed: Only part of a ReadProcessMemory or WriteProcessMemory request was completed. (0x12B)
[0210/031503.629:WARNING:pe_image_reader.cc(340)] could not read dos header from C:\WINDOWS\SYSTEM32\SSPICLI.DLL
[0210/031503.630:ERROR:process_memory_win.cc(73)] ReadMemory at 0x7ffc8bb60000 of 64 bytes failed: Only part of a ReadProcessMemory or WriteProcessMemory request was completed. (0x12B)
[0210/031503.630:WARNING:pe_image_reader.cc(340)] could not read dos header from C:\WINDOWS\System32\GDI32.dll
[0210/031503.630:ERROR:process_memory_win.cc(73)] ReadMemory at 0x7ffc8bb60000 of 64 bytes failed: Only part of a ReadProcessMemory or WriteProcessMemory request was completed. (0x12B)
[0210/031503.630:WARNING:pe_image_reader.cc(340)] could not read dos header from C:\WINDOWS\System32\GDI32.dll
[0210/031503.630:ERROR:process_memory_win.cc(73)] ReadMemory at 0x7ffc89eb0000 of 64 bytes failed: Only part of a ReadProcessMemory or WriteProcessMemory request was completed. (0x12B)
[0210/031503.630:WARNING:pe_image_reader.cc(340)] could not read dos header from C:\WINDOWS\System32\win32u.dll
[0210/031503.630:ERROR:process_memory_win.cc(73)] ReadMemory at 0x7ffc89eb0000 of 64 bytes failed: Only part of a ReadProcessMemory or WriteProcessMemory request was completed. (0x12B)
[0210/031503.630:WARNING:pe_image_reader.cc(340)] could not read dos header from C:\WINDOWS\System32\win32u.dll
[0210/031503.630:ERROR:process_memory_win.cc(73)] ReadMemory at 0x7ffc89f50000 of 64 bytes failed: Only part of a ReadProcessMemory or WriteProcessMemory request was completed. (0x12B)
[0210/031503.630:WARNING:pe_image_reader.cc(340)] could not read dos header from C:\WINDOWS\System32\gdi32full.dll
[0210/031503.630:ERROR:process_memory_win.cc(73)] ReadMemory at 0x7ffc89f50000 of 64 bytes failed: Only part of a ReadProcessMemory or WriteProcessMemory request was completed. (0x12B)
[0210/031503.630:WARNING:pe_image_reader.cc(340)] could not read dos header from C:\WINDOWS\System32\gdi32full.dll
[0210/031503.630:ERROR:process_memory_win.cc(73)] ReadMemory at 0x7ffc8c680000 of 64 bytes failed: Only part of a ReadProcessMemory or WriteProcessMemory request was completed. (0x12B)
[0210/031503.630:WARNING:pe_image_reader.cc(340)] could not read dos header from C:\WINDOWS\System32\USER32.dll
[0210/031503.630:ERROR:process_memory_win.cc(73)] ReadMemory at 0x7ffc8c680000 of 64 bytes failed: Only part of a ReadProcessMemory or WriteProcessMemory request was completed. (0x12B)
[0210/031503.630:WARNING:pe_image_reader.cc(340)] could not read dos header from C:\WINDOWS\System32\USER32.dll
[0210/031503.630:ERROR:process_memory_win.cc(73)] ReadMemory at 0x7ffc8bb30000 of 64 bytes failed: Only part of a ReadProcessMemory or WriteProcessMemory request was completed. (0x12B)
[0210/031503.630:WARNING:pe_image_reader.cc(340)] could not read dos header from C:\WINDOWS\System32\IMM32.DLL
[0210/031503.631:ERROR:process_memory_win.cc(73)] ReadMemory at 0x7ffc8bb30000 of 64 bytes failed: Only part of a ReadProcessMemory or WriteProcessMemory request was completed. (0x12B)
[0210/031503.631:WARNING:pe_image_reader.cc(340)] could not read dos header from C:\WINDOWS\System32\IMM32.DLL
[0210/031503.631:ERROR:process_memory_win.cc(73)] ReadMemory at 0x7ffc8d085fe8 of 8 bytes failed: Only part of a ReadProcessMemory or WriteProcessMemory request was completed. (0x12B)
[0210/031503.631:ERROR:process_snapshot_win.cc(311)] failed to read target address
[0210/031503.631:ERROR:file_io_win.cc(161)] CreateFile C:\Users\jakii\AppData\Local\Temp\scoped_dir16448_680267786\Crashpad\settings.dat: The system cannot find the path specified. (0x3)
[0210/031503.631:ERROR:file_io_win.cc(170)] CreateFile C:\Users\jakii\AppData\Local\Temp\scoped_dir16448_680267786\Crashpad\reports\1ca548cf-5fcf-48f8-9882-40166d3b9184.dmp: The system cannot find the path specified. (0x3)
[0210/031503.631:ERROR:crash_report_exception_handler.cc(97)] PrepareNewCrashReport failed
[0210/031503.632:ERROR:scoped_process_suspend.cc(40)] NtResumeProcess: An attempt was made to access an exiting process. (0xc000010a)
[0210/192418.090:ERROR:process_reader_win.cc(182)] ResumeThread: The parameter is incorrect. (0x57)
[0210/192418.124:ERROR:process_reader_win.cc(151)] SuspendThread: Access is denied. (0x5)
[0210/192418.124:ERROR:process_reader_win.cc(123)] NtOpenThread: An invalid Client ID was specified. (0xc000000b)
[0210/192418.165:ERROR:process_reader_win.cc(123)] NtOpenThread: An invalid Client ID was specified. (0xc000000b)
[0210/192418.165:ERROR:process_reader_win.cc(123)] NtOpenThread: An invalid Client ID was specified. (0xc000000b)
[0210/192418.165:ERROR:process_reader_win.cc(123)] NtOpenThread: An invalid Client ID was specified. (0xc000000b)
[0210/192418.165:ERROR:process_reader_win.cc(123)] NtOpenThread: An invalid Client ID was specified. (0xc000000b)
[0210/192418.165:ERROR:process_memory_win.cc(73)] ReadMemory at 0x3884dfd880 of 16 bytes failed: Only part of a ReadProcessMemory or WriteProcessMemory request was completed. (0x12B)
[0210/192418.165:ERROR:exception_snapshot_win.cc(195)] EXCEPTION_POINTERS read failed
[0210/192418.165:ERROR:scoped_process_suspend.cc(40)] NtResumeProcess: An attempt was made to access an exiting process. (0xc000010a)
